{"database":{"host":"db","name":"kuafor_db","port":5432},"environment":"production","event":"Application Started","level":"info","message":"System Event","nodeVersion":"v18.20.8","port":8000,"service":"kuafor-backend","timestamp":"2025-07-02 15:43:12","type":"system"}
{"database":"kuafor_db","environment":"production","host":"db","level":"info","message":"Database connection established successfully","service":"kuafor-backend","timestamp":"2025-07-02 15:43:12"}
{"environment":"production","forceSync":true,"level":"info","message":"Initializing database tables","service":"kuafor-backend","timestamp":"2025-07-02 15:43:12"}
{"environment":"production","level":"info","message":"Database tables initialized successfully","service":"kuafor-backend","timestamp":"2025-07-02 15:43:12"}
{"environment":"production","level":"info","message":"Server is running on port 8000","service":"kuafor-backend","timestamp":"2025-07-02 15:43:12"}
{"auth":"/api/v1/auth","database":"/health/database","environment":"production","health":"/health","level":"info","liveness":"/health/liveness","message":"Available endpoints:","readiness":"/health/readiness","server":"/health/server","service":"kuafor-backend","timestamp":"2025-07-02 15:43:12"}
{"environment":"production","error":{"message":"Geçersiz API key","statusCode":401,"type":"AUTHENTICATION_ERROR"},"ip":"::ffff:172.25.0.1","level":"warn","message":"API Error Response","method":"POST","requestId":"249zbpz","service":"kuafor-backend","timestamp":"2025-07-02 15:44:54","url":"/api/v1/admin/super/create"}
{"duration":"10ms","environment":"production","ip":"::ffff:172.25.0.1","level":"warn","message":"API Response","method":"POST","requestId":"249zbpz","responseSize":152,"service":"kuafor-backend","statusCode":401,"timestamp":"2025-07-02 15:44:54","type":"api_response","url":"/api/v1/admin/super/create","userAgent":"PostmanRuntime/7.44.1"}
{"environment":"production","error":{"message":"Geçersiz API key","statusCode":401,"type":"AUTHENTICATION_ERROR"},"ip":"::ffff:172.25.0.1","level":"warn","message":"API Error Response","method":"POST","requestId":"w5ekp5p","service":"kuafor-backend","timestamp":"2025-07-02 15:45:27","url":"/api/v1/admin/super/create"}
{"duration":"3ms","environment":"production","ip":"::ffff:172.25.0.1","level":"warn","message":"API Response","method":"POST","requestId":"w5ekp5p","responseSize":152,"service":"kuafor-backend","statusCode":401,"timestamp":"2025-07-02 15:45:27","type":"api_response","url":"/api/v1/admin/super/create","userAgent":"PostmanRuntime/7.44.1"}
{"database":{"host":"db","name":"kuafor_db","port":5432},"environment":"production","event":"Application Started","level":"info","message":"System Event","nodeVersion":"v18.20.8","port":8000,"service":"kuafor-backend","timestamp":"2025-07-02 15:46:29","type":"system"}
{"database":"kuafor_db","environment":"production","host":"db","level":"info","message":"Database connection established successfully","service":"kuafor-backend","timestamp":"2025-07-02 15:46:29"}
{"environment":"production","forceSync":true,"level":"info","message":"Initializing database tables","service":"kuafor-backend","timestamp":"2025-07-02 15:46:29"}
{"environment":"production","level":"info","message":"Database tables initialized successfully","service":"kuafor-backend","timestamp":"2025-07-02 15:46:29"}
{"environment":"production","level":"info","message":"Server is running on port 8000","service":"kuafor-backend","timestamp":"2025-07-02 15:46:29"}
{"auth":"/api/v1/auth","database":"/health/database","environment":"production","health":"/health","level":"info","liveness":"/health/liveness","message":"Available endpoints:","readiness":"/health/readiness","server":"/health/server","service":"kuafor-backend","timestamp":"2025-07-02 15:46:29"}
{"environment":"production","error":{"message":"Geçersiz API key","statusCode":401,"type":"AUTHENTICATION_ERROR"},"ip":"::ffff:172.25.0.1","level":"warn","message":"API Error Response","method":"POST","requestId":"1nlhyon","service":"kuafor-backend","timestamp":"2025-07-02 15:46:46","url":"/api/v1/admin/super/create"}
{"duration":"17ms","environment":"production","ip":"::ffff:172.25.0.1","level":"warn","message":"API Response","method":"POST","requestId":"1nlhyon","responseSize":152,"service":"kuafor-backend","statusCode":401,"timestamp":"2025-07-02 15:46:46","type":"api_response","url":"/api/v1/admin/super/create","userAgent":"PostmanRuntime/7.44.1"}
{"environment":"production","error":{"message":"Geçersiz API key","statusCode":401,"type":"AUTHENTICATION_ERROR"},"ip":"::ffff:172.25.0.1","level":"warn","message":"API Error Response","method":"POST","requestId":"71pwveg","service":"kuafor-backend","timestamp":"2025-07-02 15:47:27","url":"/api/v1/admin/super/create"}
{"duration":"4ms","environment":"production","ip":"::ffff:172.25.0.1","level":"warn","message":"API Response","method":"POST","requestId":"71pwveg","responseSize":152,"service":"kuafor-backend","statusCode":401,"timestamp":"2025-07-02 15:47:27","type":"api_response","url":"/api/v1/admin/super/create","userAgent":"PostmanRuntime/7.44.1"}
{"environment":"production","error":{"message":"Geçersiz API key","statusCode":401,"type":"AUTHENTICATION_ERROR"},"ip":"::ffff:172.25.0.1","level":"warn","message":"API Error Response","method":"POST","requestId":"sf0mkb0","service":"kuafor-backend","timestamp":"2025-07-02 15:49:21","url":"/api/v1/admin/super/create"}
{"duration":"3ms","environment":"production","ip":"::ffff:172.25.0.1","level":"warn","message":"API Response","method":"POST","requestId":"sf0mkb0","responseSize":152,"service":"kuafor-backend","statusCode":401,"timestamp":"2025-07-02 15:49:21","type":"api_response","url":"/api/v1/admin/super/create","userAgent":"PostmanRuntime/7.44.1"}
{"environment":"production","error":{"message":"Geçersiz API key","statusCode":401,"type":"AUTHENTICATION_ERROR"},"ip":"::ffff:172.25.0.1","level":"warn","message":"API Error Response","method":"POST","requestId":"o4lo4il","service":"kuafor-backend","timestamp":"2025-07-02 15:49:29","url":"/api/v1/admin/super/create"}
{"duration":"2ms","environment":"production","ip":"::ffff:172.25.0.1","level":"warn","message":"API Response","method":"POST","requestId":"o4lo4il","responseSize":152,"service":"kuafor-backend","statusCode":401,"timestamp":"2025-07-02 15:49:29","type":"api_response","url":"/api/v1/admin/super/create","userAgent":"PostmanRuntime/7.44.1"}
{"environment":"production","error":{"message":"Geçersiz API key","statusCode":401,"type":"AUTHENTICATION_ERROR"},"ip":"::ffff:172.25.0.1","level":"warn","message":"API Error Response","method":"POST","requestId":"yy3epn3","service":"kuafor-backend","timestamp":"2025-07-02 15:50:08","url":"/api/v1/admin/super/create"}
{"duration":"2ms","environment":"production","ip":"::ffff:172.25.0.1","level":"warn","message":"API Response","method":"POST","requestId":"yy3epn3","responseSize":152,"service":"kuafor-backend","statusCode":401,"timestamp":"2025-07-02 15:50:08","type":"api_response","url":"/api/v1/admin/super/create","userAgent":"PostmanRuntime/7.44.1"}
{"environment":"production","error":{"message":"X-API-KEY header'ı eksik","statusCode":401,"type":"AUTHENTICATION_ERROR"},"ip":"::ffff:172.25.0.1","level":"warn","message":"API Error Response","method":"POST","requestId":"i3ugscv","service":"kuafor-backend","timestamp":"2025-07-02 15:51:54","url":"/api/v1/admin/super/create"}
{"duration":"4ms","environment":"production","ip":"::ffff:172.25.0.1","level":"warn","message":"API Response","method":"POST","requestId":"i3ugscv","responseSize":160,"service":"kuafor-backend","statusCode":401,"timestamp":"2025-07-02 15:51:54","type":"api_response","url":"/api/v1/admin/super/create","userAgent":"PostmanRuntime/7.44.1"}
{"environment":"production","error":{"message":"X-API-KEY header'ı eksik","statusCode":401,"type":"AUTHENTICATION_ERROR"},"ip":"::ffff:172.25.0.1","level":"warn","message":"API Error Response","method":"POST","requestId":"w28ewbn","service":"kuafor-backend","timestamp":"2025-07-02 15:53:10","url":"/api/v1/admin/super/create"}
{"duration":"2ms","environment":"production","ip":"::ffff:172.25.0.1","level":"warn","message":"API Response","method":"POST","requestId":"w28ewbn","responseSize":160,"service":"kuafor-backend","statusCode":401,"timestamp":"2025-07-02 15:53:10","type":"api_response","url":"/api/v1/admin/super/create","userAgent":"PostmanRuntime/7.44.1"}
{"environment":"production","error":{"message":"Geçersiz API key","statusCode":401,"type":"AUTHENTICATION_ERROR"},"ip":"::ffff:172.25.0.1","level":"warn","message":"API Error Response","method":"POST","requestId":"x09d7yl","service":"kuafor-backend","timestamp":"2025-07-02 15:53:20","url":"/api/v1/admin/super/create"}
{"duration":"2ms","environment":"production","ip":"::ffff:172.25.0.1","level":"warn","message":"API Response","method":"POST","requestId":"x09d7yl","responseSize":152,"service":"kuafor-backend","statusCode":401,"timestamp":"2025-07-02 15:53:20","type":"api_response","url":"/api/v1/admin/super/create","userAgent":"PostmanRuntime/7.44.1"}
{"database":{"host":"db","name":"kuafor_db","port":5432},"environment":"production","event":"Application Started","level":"info","message":"System Event","nodeVersion":"v18.20.8","port":8000,"service":"kuafor-backend","timestamp":"2025-07-02 15:54:41","type":"system"}
{"database":"kuafor_db","environment":"production","host":"db","level":"info","message":"Database connection established successfully","service":"kuafor-backend","timestamp":"2025-07-02 15:54:41"}
{"environment":"production","forceSync":true,"level":"info","message":"Initializing database tables","service":"kuafor-backend","timestamp":"2025-07-02 15:54:41"}
{"environment":"production","level":"info","message":"Database tables initialized successfully","service":"kuafor-backend","timestamp":"2025-07-02 15:54:42"}
{"environment":"production","level":"info","message":"Server is running on port 8000","service":"kuafor-backend","timestamp":"2025-07-02 15:54:42"}
{"auth":"/api/v1/auth","database":"/health/database","environment":"production","health":"/health","level":"info","liveness":"/health/liveness","message":"Available endpoints:","readiness":"/health/readiness","server":"/health/server","service":"kuafor-backend","timestamp":"2025-07-02 15:54:42"}
{"duration":"11ms","environment":"production","ip":"::ffff:172.25.0.1","level":"warn","message":"API Response","method":"POST","requestId":"2rs438e","responseSize":261,"service":"kuafor-backend","statusCode":400,"timestamp":"2025-07-02 15:54:48","type":"api_response","url":"/api/v1/admin/super/create","userAgent":"PostmanRuntime/7.44.1"}
{"duration":"4ms","environment":"production","ip":"::ffff:172.25.0.1","level":"warn","message":"API Response","method":"POST","requestId":"icns5rl","responseSize":114,"service":"kuafor-backend","statusCode":500,"timestamp":"2025-07-02 15:55:02","type":"api_response","url":"/api/v1/admin/super/create","userAgent":"PostmanRuntime/7.44.1"}
{"database":{"host":"db","name":"kuafor_db","port":5432},"environment":"production","event":"Application Started","level":"info","message":"System Event","nodeVersion":"v18.20.8","port":8000,"service":"kuafor-backend","timestamp":"2025-07-02 15:56:09","type":"system"}
{"database":"kuafor_db","environment":"production","host":"db","level":"info","message":"Database connection established successfully","service":"kuafor-backend","timestamp":"2025-07-02 15:56:09"}
{"environment":"production","forceSync":true,"level":"info","message":"Initializing database tables","service":"kuafor-backend","timestamp":"2025-07-02 15:56:09"}
{"environment":"production","level":"info","message":"Database tables initialized successfully","service":"kuafor-backend","timestamp":"2025-07-02 15:56:09"}
{"environment":"production","level":"info","message":"Server is running on port 8000","service":"kuafor-backend","timestamp":"2025-07-02 15:56:09"}
{"auth":"/api/v1/auth","database":"/health/database","environment":"production","health":"/health","level":"info","liveness":"/health/liveness","message":"Available endpoints:","readiness":"/health/readiness","server":"/health/server","service":"kuafor-backend","timestamp":"2025-07-02 15:56:09"}
{"duration":"12ms","environment":"production","ip":"::ffff:172.25.0.1","level":"warn","message":"API Response","method":"POST","requestId":"rabdz70","responseSize":114,"service":"kuafor-backend","statusCode":500,"timestamp":"2025-07-02 15:56:13","type":"api_response","url":"/api/v1/admin/super/create","userAgent":"PostmanRuntime/7.44.1"}
{"database":{"host":"db","name":"kuafor_db","port":5432},"environment":"production","event":"Application Started","level":"info","message":"System Event","nodeVersion":"v18.20.8","port":8000,"service":"kuafor-backend","timestamp":"2025-07-02 15:57:30","type":"system"}
{"database":"kuafor_db","environment":"production","host":"db","level":"info","message":"Database connection established successfully","service":"kuafor-backend","timestamp":"2025-07-02 15:57:30"}
{"environment":"production","forceSync":true,"level":"info","message":"Initializing database tables","service":"kuafor-backend","timestamp":"2025-07-02 15:57:30"}
{"environment":"production","level":"info","message":"Database tables initialized successfully","service":"kuafor-backend","timestamp":"2025-07-02 15:57:31"}
{"environment":"production","level":"info","message":"Server is running on port 8000","service":"kuafor-backend","timestamp":"2025-07-02 15:57:31"}
{"auth":"/api/v1/auth","database":"/health/database","environment":"production","health":"/health","level":"info","liveness":"/health/liveness","message":"Available endpoints:","readiness":"/health/readiness","server":"/health/server","service":"kuafor-backend","timestamp":"2025-07-02 15:57:31"}
{"duration":"18ms","environment":"production","ip":"::ffff:172.25.0.1","level":"warn","message":"API Response","method":"POST","requestId":"4avq1ud","responseSize":114,"service":"kuafor-backend","statusCode":500,"timestamp":"2025-07-02 15:57:33","type":"api_response","url":"/api/v1/admin/super/create","userAgent":"PostmanRuntime/7.44.1"}
{"database":{"host":"db","name":"kuafor_db","port":5432},"environment":"production","event":"Application Started","level":"info","message":"System Event","nodeVersion":"v18.20.8","port":8000,"service":"kuafor-backend","timestamp":"2025-07-02 16:03:32","type":"system"}
{"database":"kuafor_db","environment":"production","host":"db","level":"info","message":"Database connection established successfully","service":"kuafor-backend","timestamp":"2025-07-02 16:03:32"}
{"environment":"production","forceSync":true,"level":"info","message":"Initializing database tables","service":"kuafor-backend","timestamp":"2025-07-02 16:03:32"}
{"environment":"production","level":"info","message":"Database tables initialized successfully","service":"kuafor-backend","timestamp":"2025-07-02 16:03:32"}
{"environment":"production","level":"info","message":"Server is running on port 8000","service":"kuafor-backend","timestamp":"2025-07-02 16:03:32"}
{"auth":"/api/v1/auth","database":"/health/database","environment":"production","health":"/health","level":"info","liveness":"/health/liveness","message":"Available endpoints:","readiness":"/health/readiness","server":"/health/server","service":"kuafor-backend","timestamp":"2025-07-02 16:03:32"}
{"duration":"40ms","environment":"production","ip":"::ffff:172.25.0.1","level":"info","message":"API Response","method":"POST","requestId":"kcj4x1m","responseSize":327,"service":"kuafor-backend","statusCode":201,"timestamp":"2025-07-02 16:04:04","type":"api_response","url":"/api/v1/admin/super/create","userAgent":"PostmanRuntime/7.44.1"}
{"database":{"host":"db","name":"kuafor_db","port":5432},"environment":"production","event":"Application Started","level":"info","message":"System Event","nodeVersion":"v18.20.8","port":8000,"service":"kuafor-backend","timestamp":"2025-07-02 17:57:47","type":"system"}
{"database":"kuafor_db","environment":"production","host":"db","level":"info","message":"Database connection established successfully","service":"kuafor-backend","timestamp":"2025-07-02 17:57:47"}
{"environment":"production","forceSync":true,"level":"info","message":"Initializing database tables","service":"kuafor-backend","timestamp":"2025-07-02 17:57:47"}
{"environment":"production","error":"foreign key constraint \"appointments_customerId_fkey\" cannot be implemented","level":"error","message":"Database initialization failed","service":"kuafor-backend","timestamp":"2025-07-02 17:57:48"}
{"database":{"host":"db","name":"kuafor_db","port":5432},"environment":"production","event":"Application Started","level":"info","message":"System Event","nodeVersion":"v18.20.8","port":8000,"service":"kuafor-backend","timestamp":"2025-07-02 17:57:49","type":"system"}
{"database":"kuafor_db","environment":"production","host":"db","level":"info","message":"Database connection established successfully","service":"kuafor-backend","timestamp":"2025-07-02 17:57:49"}
{"environment":"production","forceSync":true,"level":"info","message":"Initializing database tables","service":"kuafor-backend","timestamp":"2025-07-02 17:57:49"}
{"environment":"production","error":"foreign key constraint \"appointments_customerId_fkey\" cannot be implemented","level":"error","message":"Database initialization failed","service":"kuafor-backend","timestamp":"2025-07-02 17:57:49"}
{"database":{"host":"db","name":"kuafor_db","port":5432},"environment":"production","event":"Application Started","level":"info","message":"System Event","nodeVersion":"v18.20.8","port":8000,"service":"kuafor-backend","timestamp":"2025-07-02 17:57:51","type":"system"}
{"database":"kuafor_db","environment":"production","host":"db","level":"info","message":"Database connection established successfully","service":"kuafor-backend","timestamp":"2025-07-02 17:57:51"}
{"environment":"production","forceSync":true,"level":"info","message":"Initializing database tables","service":"kuafor-backend","timestamp":"2025-07-02 17:57:51"}
{"environment":"production","error":"foreign key constraint \"appointments_customerId_fkey\" cannot be implemented","level":"error","message":"Database initialization failed","service":"kuafor-backend","timestamp":"2025-07-02 17:57:51"}
{"database":{"host":"db","name":"kuafor_db","port":5432},"environment":"production","event":"Application Started","level":"info","message":"System Event","nodeVersion":"v18.20.8","port":8000,"service":"kuafor-backend","timestamp":"2025-07-02 17:57:52","type":"system"}
{"database":"kuafor_db","environment":"production","host":"db","level":"info","message":"Database connection established successfully","service":"kuafor-backend","timestamp":"2025-07-02 17:57:52"}
{"environment":"production","forceSync":true,"level":"info","message":"Initializing database tables","service":"kuafor-backend","timestamp":"2025-07-02 17:57:52"}
{"environment":"production","error":"foreign key constraint \"appointments_customerId_fkey\" cannot be implemented","level":"error","message":"Database initialization failed","service":"kuafor-backend","timestamp":"2025-07-02 17:57:52"}
{"database":{"host":"db","name":"kuafor_db","port":5432},"environment":"production","event":"Application Started","level":"info","message":"System Event","nodeVersion":"v18.20.8","port":8000,"service":"kuafor-backend","timestamp":"2025-07-02 17:57:54","type":"system"}
{"database":"kuafor_db","environment":"production","host":"db","level":"info","message":"Database connection established successfully","service":"kuafor-backend","timestamp":"2025-07-02 17:57:54"}
{"environment":"production","forceSync":true,"level":"info","message":"Initializing database tables","service":"kuafor-backend","timestamp":"2025-07-02 17:57:54"}
{"environment":"production","error":"foreign key constraint \"appointments_customerId_fkey\" cannot be implemented","level":"error","message":"Database initialization failed","service":"kuafor-backend","timestamp":"2025-07-02 17:57:55"}
{"database":{"host":"db","name":"kuafor_db","port":5432},"environment":"production","event":"Application Started","level":"info","message":"System Event","nodeVersion":"v18.20.8","port":8000,"service":"kuafor-backend","timestamp":"2025-07-02 18:04:49","type":"system"}
{"database":"kuafor_db","environment":"production","host":"db","level":"info","message":"Database connection established successfully","service":"kuafor-backend","timestamp":"2025-07-02 18:04:49"}
{"environment":"production","forceSync":true,"level":"info","message":"Initializing database tables","service":"kuafor-backend","timestamp":"2025-07-02 18:04:49"}
{"environment":"production","error":"foreign key constraint \"appointment_history_createdByAdmin_fkey\" cannot be implemented","level":"error","message":"Database initialization failed","service":"kuafor-backend","timestamp":"2025-07-02 18:04:50"}
{"database":{"host":"db","name":"kuafor_db","port":5432},"environment":"production","event":"Application Started","level":"info","message":"System Event","nodeVersion":"v18.20.8","port":8000,"service":"kuafor-backend","timestamp":"2025-07-02 18:04:51","type":"system"}
{"database":"kuafor_db","environment":"production","host":"db","level":"info","message":"Database connection established successfully","service":"kuafor-backend","timestamp":"2025-07-02 18:04:51"}
{"environment":"production","forceSync":true,"level":"info","message":"Initializing database tables","service":"kuafor-backend","timestamp":"2025-07-02 18:04:51"}
{"environment":"production","error":"foreign key constraint \"appointment_history_createdByAdmin_fkey\" cannot be implemented","level":"error","message":"Database initialization failed","service":"kuafor-backend","timestamp":"2025-07-02 18:04:51"}
{"database":{"host":"db","name":"kuafor_db","port":5432},"environment":"production","event":"Application Started","level":"info","message":"System Event","nodeVersion":"v18.20.8","port":8000,"service":"kuafor-backend","timestamp":"2025-07-02 18:04:52","type":"system"}
{"database":"kuafor_db","environment":"production","host":"db","level":"info","message":"Database connection established successfully","service":"kuafor-backend","timestamp":"2025-07-02 18:04:53"}
{"environment":"production","forceSync":true,"level":"info","message":"Initializing database tables","service":"kuafor-backend","timestamp":"2025-07-02 18:04:53"}
{"environment":"production","error":"foreign key constraint \"appointment_history_createdByAdmin_fkey\" cannot be implemented","level":"error","message":"Database initialization failed","service":"kuafor-backend","timestamp":"2025-07-02 18:04:53"}
{"database":{"host":"db","name":"kuafor_db","port":5432},"environment":"production","event":"Application Started","level":"info","message":"System Event","nodeVersion":"v18.20.8","port":8000,"service":"kuafor-backend","timestamp":"2025-07-02 18:04:54","type":"system"}
{"database":"kuafor_db","environment":"production","host":"db","level":"info","message":"Database connection established successfully","service":"kuafor-backend","timestamp":"2025-07-02 18:04:54"}
{"environment":"production","forceSync":true,"level":"info","message":"Initializing database tables","service":"kuafor-backend","timestamp":"2025-07-02 18:04:54"}
{"environment":"production","error":"foreign key constraint \"appointment_history_createdByAdmin_fkey\" cannot be implemented","level":"error","message":"Database initialization failed","service":"kuafor-backend","timestamp":"2025-07-02 18:04:55"}
{"database":{"host":"db","name":"kuafor_db","port":5432},"environment":"production","event":"Application Started","level":"info","message":"System Event","nodeVersion":"v18.20.8","port":8000,"service":"kuafor-backend","timestamp":"2025-07-02 18:04:56","type":"system"}
{"database":"kuafor_db","environment":"production","host":"db","level":"info","message":"Database connection established successfully","service":"kuafor-backend","timestamp":"2025-07-02 18:04:56"}
{"environment":"production","forceSync":true,"level":"info","message":"Initializing database tables","service":"kuafor-backend","timestamp":"2025-07-02 18:04:56"}
{"environment":"production","error":"foreign key constraint \"appointment_history_createdByAdmin_fkey\" cannot be implemented","level":"error","message":"Database initialization failed","service":"kuafor-backend","timestamp":"2025-07-02 18:04:57"}
{"database":{"host":"db","name":"kuafor_db","port":5432},"environment":"production","event":"Application Started","level":"info","message":"System Event","nodeVersion":"v18.20.8","port":8000,"service":"kuafor-backend","timestamp":"2025-07-02 18:04:59","type":"system"}
{"database":"kuafor_db","environment":"production","host":"db","level":"info","message":"Database connection established successfully","service":"kuafor-backend","timestamp":"2025-07-02 18:04:59"}
{"environment":"production","forceSync":true,"level":"info","message":"Initializing database tables","service":"kuafor-backend","timestamp":"2025-07-02 18:04:59"}
{"environment":"production","error":"foreign key constraint \"appointment_history_createdByAdmin_fkey\" cannot be implemented","level":"error","message":"Database initialization failed","service":"kuafor-backend","timestamp":"2025-07-02 18:05:00"}
{"database":{"host":"db","name":"kuafor_db","port":5432},"environment":"production","event":"Application Started","level":"info","message":"System Event","nodeVersion":"v18.20.8","port":8000,"service":"kuafor-backend","timestamp":"2025-07-02 18:05:04","type":"system"}
{"database":"kuafor_db","environment":"production","host":"db","level":"info","message":"Database connection established successfully","service":"kuafor-backend","timestamp":"2025-07-02 18:05:04"}
{"environment":"production","forceSync":true,"level":"info","message":"Initializing database tables","service":"kuafor-backend","timestamp":"2025-07-02 18:05:04"}
{"environment":"production","error":"foreign key constraint \"appointment_history_createdByAdmin_fkey\" cannot be implemented","level":"error","message":"Database initialization failed","service":"kuafor-backend","timestamp":"2025-07-02 18:05:04"}
{"database":{"host":"db","name":"kuafor_db","port":5432},"environment":"production","event":"Application Started","level":"info","message":"System Event","nodeVersion":"v18.20.8","port":8000,"service":"kuafor-backend","timestamp":"2025-07-02 18:05:11","type":"system"}
{"database":"kuafor_db","environment":"production","host":"db","level":"info","message":"Database connection established successfully","service":"kuafor-backend","timestamp":"2025-07-02 18:05:12"}
{"environment":"production","forceSync":true,"level":"info","message":"Initializing database tables","service":"kuafor-backend","timestamp":"2025-07-02 18:05:12"}
{"environment":"production","error":"foreign key constraint \"appointment_history_createdByAdmin_fkey\" cannot be implemented","level":"error","message":"Database initialization failed","service":"kuafor-backend","timestamp":"2025-07-02 18:05:12"}
{"database":{"host":"db","name":"kuafor_db","port":5432},"environment":"production","event":"Application Started","level":"info","message":"System Event","nodeVersion":"v18.20.8","port":8000,"service":"kuafor-backend","timestamp":"2025-07-02 18:05:26","type":"system"}
{"database":"kuafor_db","environment":"production","host":"db","level":"info","message":"Database connection established successfully","service":"kuafor-backend","timestamp":"2025-07-02 18:05:26"}
{"environment":"production","forceSync":true,"level":"info","message":"Initializing database tables","service":"kuafor-backend","timestamp":"2025-07-02 18:05:26"}
{"environment":"production","error":"foreign key constraint \"appointment_history_createdByAdmin_fkey\" cannot be implemented","level":"error","message":"Database initialization failed","service":"kuafor-backend","timestamp":"2025-07-02 18:05:26"}
{"database":{"host":"db","name":"kuafor_db","port":5432},"environment":"production","event":"Application Started","level":"info","message":"System Event","nodeVersion":"v18.20.8","port":8000,"service":"kuafor-backend","timestamp":"2025-07-02 18:07:11","type":"system"}
{"database":"kuafor_db","environment":"production","host":"db","level":"info","message":"Database connection established successfully","service":"kuafor-backend","timestamp":"2025-07-02 18:07:11"}
{"environment":"production","forceSync":true,"level":"info","message":"Initializing database tables","service":"kuafor-backend","timestamp":"2025-07-02 18:07:11"}
{"environment":"production","level":"info","message":"Database tables initialized successfully","service":"kuafor-backend","timestamp":"2025-07-02 18:07:11"}
{"environment":"production","level":"info","message":"Server is running on port 8000","service":"kuafor-backend","timestamp":"2025-07-02 18:07:11"}
{"auth":"/api/v1/auth","database":"/health/database","environment":"production","health":"/health","level":"info","liveness":"/health/liveness","message":"Available endpoints:","readiness":"/health/readiness","server":"/health/server","service":"kuafor-backend","timestamp":"2025-07-02 18:07:11"}
{"endpoint":"/api/v1/auth/admin/login","environment":"production","ip":"::ffff:172.25.0.1","level":"warn","message":"404 Not Found","method":"POST","service":"kuafor-backend","timestamp":"2025-07-02 18:12:37","url":"/api/v1/auth/admin/login"}
{"duration":"9ms","environment":"production","level":"warn","message":"API Response","method":"POST","service":"kuafor-backend","statusCode":404,"timestamp":"2025-07-02 18:12:37","type":"api_response","url":"/api/v1/auth/admin/login"}
{"environment":"production","error":{"errors":[{"code":"any.required","field":"username","message":"Kullanıcı adı gereklidir"}],"message":"Validation hatası","statusCode":400,"type":"VALIDATION_ERROR"},"ip":"::ffff:172.25.0.1","level":"warn","message":"API Error Response","method":"POST","service":"kuafor-backend","timestamp":"2025-07-02 18:12:51","url":"/auth/admin/login"}
{"duration":"4ms","environment":"production","level":"warn","message":"API Response","method":"POST","service":"kuafor-backend","statusCode":400,"timestamp":"2025-07-02 18:12:51","type":"api_response","url":"/auth/admin/login"}
{"database":{"host":"db","name":"kuafor_db","port":5432},"environment":"production","event":"Application Started","level":"info","message":"System Event","nodeVersion":"v18.20.8","port":8000,"service":"kuafor-backend","timestamp":"2025-07-02 18:19:21","type":"system"}
{"database":"kuafor_db","environment":"production","host":"db","level":"info","message":"Database connection established successfully","service":"kuafor-backend","timestamp":"2025-07-02 18:19:21"}
{"environment":"production","forceSync":true,"level":"info","message":"Initializing database tables","service":"kuafor-backend","timestamp":"2025-07-02 18:19:21"}
{"environment":"production","level":"info","message":"Database tables initialized successfully","service":"kuafor-backend","timestamp":"2025-07-02 18:19:21"}
{"environment":"production","level":"info","message":"Server is running on port 8000","service":"kuafor-backend","timestamp":"2025-07-02 18:19:21"}
{"auth":"/api/v1/auth","database":"/health/database","environment":"production","health":"/health","level":"info","liveness":"/health/liveness","message":"Available endpoints:","readiness":"/health/readiness","server":"/health/server","service":"kuafor-backend","timestamp":"2025-07-02 18:19:21"}
{"environment":"production","error":{"message":"Cannot read properties of undefined (reading 'findOne')","name":"TypeError","stack":"TypeError: Cannot read properties of undefined (reading 'findOne')\n    at adminLogin (/app/dist/controllers/authController.js:18:38)\n    at Layer.handleRequest (/app/node_modules/router/lib/layer.js:152:17)\n    at next (/app/node_modules/router/lib/route.js:157:13)\n    at Route.dispatch (/app/node_modules/router/lib/route.js:117:3)\n    at handle (/app/node_modules/router/index.js:435:11)\n    at Layer.handleRequest (/app/node_modules/router/lib/layer.js:152:17)\n    at /app/node_modules/router/index.js:295:15\n    at processParams (/app/node_modules/router/index.js:582:12)\n    at next (/app/node_modules/router/index.js:291:5)\n    at Function.handle (/app/node_modules/router/index.js:186:3)"},"ip":"::ffff:172.25.0.1","level":"error","message":"Unexpected Error","method":"POST","service":"kuafor-backend","timestamp":"2025-07-02 18:19:33","url":"/auth/admin/login"}
{"environment":"production","error":{"message":"Beklenmeyen bir hata oluştu","statusCode":500,"type":"INTERNAL_SERVER_ERROR"},"ip":"::ffff:172.25.0.1","level":"error","message":"API Error Response","method":"POST","service":"kuafor-backend","timestamp":"2025-07-02 18:19:33","url":"/auth/admin/login"}
{"duration":"16ms","environment":"production","level":"warn","message":"API Response","method":"POST","service":"kuafor-backend","statusCode":500,"timestamp":"2025-07-02 18:19:33","type":"api_response","url":"/auth/admin/login"}
{"database":{"host":"db","name":"kuafor_db","port":5432},"environment":"production","event":"Application Started","level":"info","message":"System Event","nodeVersion":"v18.20.8","port":8000,"service":"kuafor-backend","timestamp":"2025-07-02 18:27:11","type":"system"}
{"database":"kuafor_db","environment":"production","host":"db","level":"info","message":"Database connection established successfully","service":"kuafor-backend","timestamp":"2025-07-02 18:27:11"}
{"environment":"production","forceSync":true,"level":"info","message":"Initializing database tables","service":"kuafor-backend","timestamp":"2025-07-02 18:27:11"}
{"environment":"production","level":"info","message":"Database tables initialized successfully","service":"kuafor-backend","timestamp":"2025-07-02 18:27:12"}
{"environment":"production","level":"info","message":"Server is running on port 8000","service":"kuafor-backend","timestamp":"2025-07-02 18:27:12"}
{"auth":"/api/v1/auth","database":"/health/database","environment":"production","health":"/health","level":"info","liveness":"/health/liveness","message":"Available endpoints:","readiness":"/health/readiness","server":"/health/server","service":"kuafor-backend","timestamp":"2025-07-02 18:27:12"}
{"environment":"production","error":{"message":"column Admin.isActive does not exist","name":"SequelizeDatabaseError","parameters":{},"sql":"SELECT \"id\", \"email\", \"password\", \"firstName\", \"lastName\", \"phone\", \"role\", \"status\", \"createdAt\", \"updatedAt\", \"deletedAt\" FROM \"admins\" AS \"Admin\" WHERE (\"Admin\".\"deletedAt\" IS NULL AND (\"Admin\".\"email\" = 'erencelik212@gmail.com' AND \"Admin\".\"isActive\" = true));"},"ip":"::ffff:172.25.0.1","level":"error","message":"Database Error","method":"POST","service":"kuafor-backend","stack":"Error\n    at Query.run (/app/node_modules/sequelize/lib/dialects/postgres/query.js:50:25)\n    at /app/node_modules/sequelize/lib/sequelize.js:315:28\n    at process.processTicksAndRejections (node:internal/process/task_queues:95:5)\n    at async PostgresQueryInterface.select (/app/node_modules/sequelize/lib/dialects/abstract/query-interface.js:407:12)\n    at async Admin.findAll (/app/node_modules/sequelize/lib/model.js:1140:21)\n    at async Admin.findOne (/app/node_modules/sequelize/lib/model.js:1240:12)\n    at async adminLogin (/app/dist/controllers/authController.js:19:23)","timestamp":"2025-07-02 18:27:15","url":"/auth/admin/login"}
{"environment":"production","error":{"message":"Veritabanı hatası","statusCode":500,"type":"DATABASE_ERROR"},"ip":"::ffff:172.25.0.1","level":"error","message":"API Error Response","method":"POST","service":"kuafor-backend","timestamp":"2025-07-02 18:27:15","url":"/auth/admin/login"}
{"duration":"23ms","environment":"production","level":"warn","message":"API Response","method":"POST","service":"kuafor-backend","statusCode":500,"timestamp":"2025-07-02 18:27:15","type":"api_response","url":"/auth/admin/login"}
{"database":{"host":"db","name":"kuafor_db","port":5432},"environment":"production","event":"Application Started","level":"info","message":"System Event","nodeVersion":"v18.20.8","port":8000,"service":"kuafor-backend","timestamp":"2025-07-02 18:28:58","type":"system"}
{"database":"kuafor_db","environment":"production","host":"db","level":"info","message":"Database connection established successfully","service":"kuafor-backend","timestamp":"2025-07-02 18:28:58"}
{"environment":"production","forceSync":true,"level":"info","message":"Initializing database tables","service":"kuafor-backend","timestamp":"2025-07-02 18:28:58"}
{"environment":"production","error":"invalid input syntax for type boolean: \"pending\"","level":"error","message":"Database initialization failed","service":"kuafor-backend","timestamp":"2025-07-02 18:28:58"}
{"database":{"host":"db","name":"kuafor_db","port":5432},"environment":"production","event":"Application Started","level":"info","message":"System Event","nodeVersion":"v18.20.8","port":8000,"service":"kuafor-backend","timestamp":"2025-07-02 18:28:59","type":"system"}
{"database":"kuafor_db","environment":"production","host":"db","level":"info","message":"Database connection established successfully","service":"kuafor-backend","timestamp":"2025-07-02 18:28:59"}
{"environment":"production","forceSync":true,"level":"info","message":"Initializing database tables","service":"kuafor-backend","timestamp":"2025-07-02 18:28:59"}
{"environment":"production","error":"invalid input syntax for type boolean: \"pending\"","level":"error","message":"Database initialization failed","service":"kuafor-backend","timestamp":"2025-07-02 18:29:00"}
{"database":{"host":"db","name":"kuafor_db","port":5432},"environment":"production","event":"Application Started","level":"info","message":"System Event","nodeVersion":"v18.20.8","port":8000,"service":"kuafor-backend","timestamp":"2025-07-02 18:29:01","type":"system"}
{"database":"kuafor_db","environment":"production","host":"db","level":"info","message":"Database connection established successfully","service":"kuafor-backend","timestamp":"2025-07-02 18:29:01"}
{"environment":"production","forceSync":true,"level":"info","message":"Initializing database tables","service":"kuafor-backend","timestamp":"2025-07-02 18:29:01"}
{"environment":"production","error":"invalid input syntax for type boolean: \"pending\"","level":"error","message":"Database initialization failed","service":"kuafor-backend","timestamp":"2025-07-02 18:29:01"}
{"database":{"host":"db","name":"kuafor_db","port":5432},"environment":"production","event":"Application Started","level":"info","message":"System Event","nodeVersion":"v18.20.8","port":8000,"service":"kuafor-backend","timestamp":"2025-07-02 18:29:02","type":"system"}
{"database":"kuafor_db","environment":"production","host":"db","level":"info","message":"Database connection established successfully","service":"kuafor-backend","timestamp":"2025-07-02 18:29:02"}
{"environment":"production","forceSync":true,"level":"info","message":"Initializing database tables","service":"kuafor-backend","timestamp":"2025-07-02 18:29:02"}
{"environment":"production","error":"invalid input syntax for type boolean: \"pending\"","level":"error","message":"Database initialization failed","service":"kuafor-backend","timestamp":"2025-07-02 18:29:02"}
{"database":{"host":"db","name":"kuafor_db","port":5432},"environment":"production","event":"Application Started","level":"info","message":"System Event","nodeVersion":"v18.20.8","port":8000,"service":"kuafor-backend","timestamp":"2025-07-02 18:39:43","type":"system"}
{"database":"kuafor_db","environment":"production","host":"db","level":"info","message":"Database connection established successfully","service":"kuafor-backend","timestamp":"2025-07-02 18:39:43"}
{"environment":"production","forceSync":true,"level":"info","message":"Initializing database tables","service":"kuafor-backend","timestamp":"2025-07-02 18:39:43"}
{"environment":"production","error":"invalid input syntax for type boolean: \"pending\"","level":"error","message":"Database initialization failed","service":"kuafor-backend","timestamp":"2025-07-02 18:39:44"}
{"database":{"host":"db","name":"kuafor_db","port":5432},"environment":"production","event":"Application Started","level":"info","message":"System Event","nodeVersion":"v18.20.8","port":8000,"service":"kuafor-backend","timestamp":"2025-07-02 18:39:45","type":"system"}
{"database":"kuafor_db","environment":"production","host":"db","level":"info","message":"Database connection established successfully","service":"kuafor-backend","timestamp":"2025-07-02 18:39:45"}
{"environment":"production","forceSync":true,"level":"info","message":"Initializing database tables","service":"kuafor-backend","timestamp":"2025-07-02 18:39:45"}
{"environment":"production","error":"invalid input syntax for type boolean: \"pending\"","level":"error","message":"Database initialization failed","service":"kuafor-backend","timestamp":"2025-07-02 18:39:45"}
{"database":{"host":"db","name":"kuafor_db","port":5432},"environment":"production","event":"Application Started","level":"info","message":"System Event","nodeVersion":"v18.20.8","port":8000,"service":"kuafor-backend","timestamp":"2025-07-02 18:39:46","type":"system"}
{"database":"kuafor_db","environment":"production","host":"db","level":"info","message":"Database connection established successfully","service":"kuafor-backend","timestamp":"2025-07-02 18:39:46"}
{"environment":"production","forceSync":true,"level":"info","message":"Initializing database tables","service":"kuafor-backend","timestamp":"2025-07-02 18:39:46"}
{"environment":"production","error":"invalid input syntax for type boolean: \"pending\"","level":"error","message":"Database initialization failed","service":"kuafor-backend","timestamp":"2025-07-02 18:39:46"}
{"database":{"host":"db","name":"kuafor_db","port":5432},"environment":"production","event":"Application Started","level":"info","message":"System Event","nodeVersion":"v18.20.8","port":8000,"service":"kuafor-backend","timestamp":"2025-07-02 18:39:47","type":"system"}
{"database":"kuafor_db","environment":"production","host":"db","level":"info","message":"Database connection established successfully","service":"kuafor-backend","timestamp":"2025-07-02 18:39:48"}
{"environment":"production","forceSync":true,"level":"info","message":"Initializing database tables","service":"kuafor-backend","timestamp":"2025-07-02 18:39:48"}
{"environment":"production","error":"invalid input syntax for type boolean: \"pending\"","level":"error","message":"Database initialization failed","service":"kuafor-backend","timestamp":"2025-07-02 18:39:48"}
{"database":{"host":"db","name":"kuafor_db","port":5432},"environment":"production","event":"Application Started","level":"info","message":"System Event","nodeVersion":"v18.20.8","port":8000,"service":"kuafor-backend","timestamp":"2025-07-02 18:39:49","type":"system"}
{"database":"kuafor_db","environment":"production","host":"db","level":"info","message":"Database connection established successfully","service":"kuafor-backend","timestamp":"2025-07-02 18:39:49"}
{"environment":"production","forceSync":true,"level":"info","message":"Initializing database tables","service":"kuafor-backend","timestamp":"2025-07-02 18:39:49"}
{"environment":"production","error":"invalid input syntax for type boolean: \"pending\"","level":"error","message":"Database initialization failed","service":"kuafor-backend","timestamp":"2025-07-02 18:39:49"}
{"database":{"host":"db","name":"kuafor_db","port":5432},"environment":"production","event":"Application Started","level":"info","message":"System Event","nodeVersion":"v18.20.8","port":8000,"service":"kuafor-backend","timestamp":"2025-07-02 18:39:52","type":"system"}
{"database":"kuafor_db","environment":"production","host":"db","level":"info","message":"Database connection established successfully","service":"kuafor-backend","timestamp":"2025-07-02 18:39:52"}
{"environment":"production","forceSync":true,"level":"info","message":"Initializing database tables","service":"kuafor-backend","timestamp":"2025-07-02 18:39:52"}
{"environment":"production","error":"invalid input syntax for type boolean: \"pending\"","level":"error","message":"Database initialization failed","service":"kuafor-backend","timestamp":"2025-07-02 18:39:52"}
{"database":{"host":"db","name":"kuafor_db","port":5432},"environment":"production","event":"Application Started","level":"info","message":"System Event","nodeVersion":"v18.20.8","port":8000,"service":"kuafor-backend","timestamp":"2025-07-02 18:39:56","type":"system"}
{"database":"kuafor_db","environment":"production","host":"db","level":"info","message":"Database connection established successfully","service":"kuafor-backend","timestamp":"2025-07-02 18:39:56"}
{"environment":"production","forceSync":true,"level":"info","message":"Initializing database tables","service":"kuafor-backend","timestamp":"2025-07-02 18:39:56"}
{"environment":"production","error":"invalid input syntax for type boolean: \"pending\"","level":"error","message":"Database initialization failed","service":"kuafor-backend","timestamp":"2025-07-02 18:39:56"}
{"database":{"host":"db","name":"kuafor_db","port":5432},"environment":"production","event":"Application Started","level":"info","message":"System Event","nodeVersion":"v18.20.8","port":8000,"service":"kuafor-backend","timestamp":"2025-07-02 18:40:04","type":"system"}
{"database":"kuafor_db","environment":"production","host":"db","level":"info","message":"Database connection established successfully","service":"kuafor-backend","timestamp":"2025-07-02 18:40:04"}
{"environment":"production","forceSync":true,"level":"info","message":"Initializing database tables","service":"kuafor-backend","timestamp":"2025-07-02 18:40:04"}
{"environment":"production","error":"invalid input syntax for type boolean: \"pending\"","level":"error","message":"Database initialization failed","service":"kuafor-backend","timestamp":"2025-07-02 18:40:04"}
{"database":{"host":"db","name":"kuafor_db","port":5432},"environment":"production","event":"Application Started","level":"info","message":"System Event","nodeVersion":"v18.20.8","port":8000,"service":"kuafor-backend","timestamp":"2025-07-02 18:40:17","type":"system"}
{"database":"kuafor_db","environment":"production","host":"db","level":"info","message":"Database connection established successfully","service":"kuafor-backend","timestamp":"2025-07-02 18:40:17"}
{"environment":"production","forceSync":true,"level":"info","message":"Initializing database tables","service":"kuafor-backend","timestamp":"2025-07-02 18:40:17"}
{"environment":"production","error":"invalid input syntax for type boolean: \"pending\"","level":"error","message":"Database initialization failed","service":"kuafor-backend","timestamp":"2025-07-02 18:40:18"}
{"database":{"host":"db","name":"kuafor_db","port":5432},"environment":"production","event":"Application Started","level":"info","message":"System Event","nodeVersion":"v18.20.8","port":8000,"service":"kuafor-backend","timestamp":"2025-07-02 18:42:21","type":"system"}
{"database":"kuafor_db","environment":"production","host":"db","level":"info","message":"Database connection established successfully","service":"kuafor-backend","timestamp":"2025-07-02 18:42:21"}
{"environment":"production","forceSync":true,"level":"info","message":"Initializing database tables","service":"kuafor-backend","timestamp":"2025-07-02 18:42:21"}
{"environment":"production","level":"info","message":"Database tables initialized successfully","service":"kuafor-backend","timestamp":"2025-07-02 18:42:21"}
{"environment":"production","level":"info","message":"Server is running on port 8000","service":"kuafor-backend","timestamp":"2025-07-02 18:42:21"}
{"auth":"/api/v1/auth","database":"/health/database","environment":"production","health":"/health","level":"info","liveness":"/health/liveness","message":"Available endpoints:","readiness":"/health/readiness","server":"/health/server","service":"kuafor-backend","timestamp":"2025-07-02 18:42:21"}
{"environment":"production","error":{"message":"Email veya şifre hatalı","statusCode":401,"type":"AUTHENTICATION_ERROR"},"ip":"::ffff:172.25.0.1","level":"warn","message":"API Error Response","method":"POST","service":"kuafor-backend","timestamp":"2025-07-02 18:44:09","url":"/auth/admin/login"}
{"duration":"25ms","environment":"production","level":"warn","message":"API Response","method":"POST","service":"kuafor-backend","statusCode":401,"timestamp":"2025-07-02 18:44:09","type":"api_response","url":"/auth/admin/login"}
{"endpoint":"/api/v1/admin/super/create","environment":"production","ip":"::ffff:172.25.0.1","level":"warn","message":"404 Not Found","method":"POST","service":"kuafor-backend","timestamp":"2025-07-02 18:44:21","url":"/api/v1/admin/super/create"}
{"duration":"3ms","environment":"production","level":"warn","message":"API Response","method":"POST","service":"kuafor-backend","statusCode":404,"timestamp":"2025-07-02 18:44:21","type":"api_response","url":"/api/v1/admin/super/create"}
{"duration":"25ms","environment":"production","level":"info","message":"API Response","method":"POST","service":"kuafor-backend","statusCode":201,"timestamp":"2025-07-02 18:44:27","type":"api_response","url":"/admin/super/create"}
{"duration":"6ms","environment":"production","level":"info","message":"API Response","method":"POST","service":"kuafor-backend","statusCode":200,"timestamp":"2025-07-02 18:44:31","type":"api_response","url":"/auth/admin/login","userId":"c3d86fe8-edad-48d3-908c-3763fc2ee2b9","userType":"admin"}
{"endpoint":"/api/v1/auth/me","environment":"production","ip":"::ffff:172.25.0.1","level":"warn","message":"404 Not Found","method":"GET","service":"kuafor-backend","timestamp":"2025-07-02 18:45:00","url":"/api/v1/auth/me"}
{"duration":"2ms","environment":"production","level":"warn","message":"API Response","method":"GET","service":"kuafor-backend","statusCode":404,"timestamp":"2025-07-02 18:45:00","type":"api_response","url":"/api/v1/auth/me","userId":"c3d86fe8-edad-48d3-908c-3763fc2ee2b9","userType":"admin"}
{"duration":"2ms","environment":"production","level":"info","message":"API Response","method":"GET","service":"kuafor-backend","statusCode":200,"timestamp":"2025-07-02 18:45:04","type":"api_response","url":"/auth/me","userId":"c3d86fe8-edad-48d3-908c-3763fc2ee2b9","userType":"admin"}
{"environment":"production","error":{"message":"İletişim mesajları getirilirken hata oluştu","statusCode":500,"type":"INTERNAL_SERVER_ERROR"},"ip":"::ffff:172.25.0.1","level":"error","message":"API Error Response","method":"GET","service":"kuafor-backend","timestamp":"2025-07-02 18:46:33","url":"/contact/messages"}
{"duration":"25ms","environment":"production","level":"warn","message":"API Response","method":"GET","service":"kuafor-backend","statusCode":500,"timestamp":"2025-07-02 18:46:33","type":"api_response","url":"/contact/messages","userId":"c3d86fe8-edad-48d3-908c-3763fc2ee2b9","userType":"admin"}
{"database":{"host":"db","name":"kuafor_db","port":5432},"environment":"production","event":"Application Started","level":"info","message":"System Event","nodeVersion":"v18.20.8","port":8000,"service":"kuafor-backend","timestamp":"2025-07-02 18:50:43","type":"system"}
{"database":"kuafor_db","environment":"production","host":"db","level":"info","message":"Database connection established successfully","service":"kuafor-backend","timestamp":"2025-07-02 18:50:43"}
{"environment":"production","forceSync":true,"level":"info","message":"Initializing database tables","service":"kuafor-backend","timestamp":"2025-07-02 18:50:43"}
{"environment":"production","level":"info","message":"Database tables initialized successfully","service":"kuafor-backend","timestamp":"2025-07-02 18:50:44"}
{"environment":"production","level":"info","message":"Server is running on port 8000","service":"kuafor-backend","timestamp":"2025-07-02 18:50:44"}
{"auth":"/api/v1/auth","database":"/health/database","environment":"production","health":"/health","level":"info","liveness":"/health/liveness","message":"Available endpoints:","readiness":"/health/readiness","server":"/health/server","service":"kuafor-backend","timestamp":"2025-07-02 18:50:44"}
{"endpoint":"/auth/me","environment":"production","ip":"::ffff:172.25.0.1","level":"warn","message":"404 Not Found","method":"GET","service":"kuafor-backend","timestamp":"2025-07-02 18:52:52","url":"/auth/me"}
{"duration":"4ms","environment":"production","level":"warn","message":"API Response","method":"GET","service":"kuafor-backend","statusCode":404,"timestamp":"2025-07-02 18:52:52","type":"api_response","url":"/auth/me"}
{"endpoint":"/api/v1/auth/logout","environment":"production","ip":"::ffff:172.25.0.1","level":"warn","message":"404 Not Found","method":"POST","service":"kuafor-backend","timestamp":"2025-07-02 18:53:05","url":"/api/v1/auth/logout"}
{"duration":"3ms","environment":"production","level":"warn","message":"API Response","method":"POST","service":"kuafor-backend","statusCode":404,"timestamp":"2025-07-02 18:53:05","type":"api_response","url":"/api/v1/auth/logout"}
{"environment":"production","error":{"message":"Oturum açmanız gerekiyor","statusCode":401,"type":"AUTHENTICATION_ERROR"},"ip":"::ffff:172.25.0.1","level":"warn","message":"API Error Response","method":"POST","service":"kuafor-backend","timestamp":"2025-07-02 18:53:08","url":"/auth/logout"}
{"duration":"2ms","environment":"production","level":"warn","message":"API Response","method":"POST","service":"kuafor-backend","statusCode":401,"timestamp":"2025-07-02 18:53:08","type":"api_response","url":"/auth/logout"}
{"environment":"production","error":{"message":"Email veya şifre hatalı","statusCode":401,"type":"AUTHENTICATION_ERROR"},"ip":"::ffff:172.25.0.1","level":"warn","message":"API Error Response","method":"POST","service":"kuafor-backend","timestamp":"2025-07-02 18:53:21","url":"/auth/admin/login"}
{"duration":"25ms","environment":"production","level":"warn","message":"API Response","method":"POST","service":"kuafor-backend","statusCode":401,"timestamp":"2025-07-02 18:53:21","type":"api_response","url":"/auth/admin/login"}
{"environment":"production","error":{"message":"Email veya şifre hatalı","statusCode":401,"type":"AUTHENTICATION_ERROR"},"ip":"::ffff:172.25.0.1","level":"warn","message":"API Error Response","method":"POST","service":"kuafor-backend","timestamp":"2025-07-02 18:54:32","url":"/auth/admin/login"}
{"duration":"22ms","environment":"production","level":"warn","message":"API Response","method":"POST","service":"kuafor-backend","statusCode":401,"timestamp":"2025-07-02 18:54:32","type":"api_response","url":"/auth/admin/login"}
{"duration":"16ms","environment":"production","level":"info","message":"API Response","method":"POST","service":"kuafor-backend","statusCode":201,"timestamp":"2025-07-02 18:54:35","type":"api_response","url":"/admin/super/create"}
{"duration":"6ms","environment":"production","level":"info","message":"API Response","method":"POST","service":"kuafor-backend","statusCode":200,"timestamp":"2025-07-02 18:54:39","type":"api_response","url":"/auth/admin/login","userId":"0f6f2486-83f3-4042-98d1-9f7ef7a9831c","userType":"admin"}
{"endpoint":"/auth/me","environment":"production","ip":"::ffff:172.25.0.1","level":"warn","message":"404 Not Found","method":"GET","service":"kuafor-backend","timestamp":"2025-07-02 18:54:48","url":"/auth/me"}
{"duration":"1ms","environment":"production","level":"warn","message":"API Response","method":"GET","service":"kuafor-backend","statusCode":404,"timestamp":"2025-07-02 18:54:48","type":"api_response","url":"/auth/me","userId":"0f6f2486-83f3-4042-98d1-9f7ef7a9831c","userType":"admin"}
{"duration":"1ms","environment":"production","level":"info","message":"API Response","method":"GET","service":"kuafor-backend","statusCode":200,"timestamp":"2025-07-02 18:54:52","type":"api_response","url":"/auth/profile","userId":"0f6f2486-83f3-4042-98d1-9f7ef7a9831c","userType":"admin"}
{"environment":"production","error":{"message":"İletişim mesajları getirilirken hata oluştu","statusCode":500,"type":"INTERNAL_SERVER_ERROR"},"ip":"::ffff:172.25.0.1","level":"error","message":"API Error Response","method":"GET","service":"kuafor-backend","timestamp":"2025-07-02 18:55:02","url":"/contact/messages"}
{"duration":"21ms","environment":"production","level":"warn","message":"API Response","method":"GET","service":"kuafor-backend","statusCode":500,"timestamp":"2025-07-02 18:55:02","type":"api_response","url":"/contact/messages","userId":"0f6f2486-83f3-4042-98d1-9f7ef7a9831c","userType":"admin"}
{"duration":"8ms","environment":"production","level":"info","message":"API Response","method":"GET","service":"kuafor-backend","statusCode":200,"timestamp":"2025-07-02 18:55:18","type":"api_response","url":"/health/database","userId":"0f6f2486-83f3-4042-98d1-9f7ef7a9831c","userType":"admin"}
{"duration":"1ms","environment":"production","level":"info","message":"API Response","method":"GET","service":"kuafor-backend","statusCode":200,"timestamp":"2025-07-02 18:55:18","type":"api_response","url":"/health/server","userId":"0f6f2486-83f3-4042-98d1-9f7ef7a9831c","userType":"admin"}
{"duration":"1ms","environment":"production","level":"info","message":"API Response","method":"GET","service":"kuafor-backend","statusCode":200,"timestamp":"2025-07-02 18:55:18","type":"api_response","url":"/health/liveness","userId":"0f6f2486-83f3-4042-98d1-9f7ef7a9831c","userType":"admin"}
{"duration":"4ms","environment":"production","level":"info","message":"API Response","method":"GET","service":"kuafor-backend","statusCode":200,"timestamp":"2025-07-02 18:55:18","type":"api_response","url":"/health/readiness","userId":"0f6f2486-83f3-4042-98d1-9f7ef7a9831c","userType":"admin"}
{"duration":"2ms","environment":"production","level":"info","message":"API Response","method":"GET","service":"kuafor-backend","statusCode":200,"timestamp":"2025-07-02 18:55:19","type":"api_response","url":"/health","userId":"0f6f2486-83f3-4042-98d1-9f7ef7a9831c","userType":"admin"}
{"endpoint":"/api/v1/auth/admin/login","environment":"production","ip":"::ffff:172.25.0.1","level":"warn","message":"404 Not Found","method":"POST","service":"kuafor-backend","timestamp":"2025-07-02 18:55:19","url":"/api/v1/auth/admin/login"}
{"duration":"0ms","environment":"production","level":"warn","message":"API Response","method":"POST","service":"kuafor-backend","statusCode":404,"timestamp":"2025-07-02 18:55:19","type":"api_response","url":"/api/v1/auth/admin/login","userId":"0f6f2486-83f3-4042-98d1-9f7ef7a9831c","userType":"admin"}
{"endpoint":"/api/v1/auth/logout","environment":"production","ip":"::ffff:172.25.0.1","level":"warn","message":"404 Not Found","method":"POST","service":"kuafor-backend","timestamp":"2025-07-02 18:55:19","url":"/api/v1/auth/logout"}
{"duration":"1ms","environment":"production","level":"warn","message":"API Response","method":"POST","service":"kuafor-backend","statusCode":404,"timestamp":"2025-07-02 18:55:19","type":"api_response","url":"/api/v1/auth/logout","userId":"0f6f2486-83f3-4042-98d1-9f7ef7a9831c","userType":"admin"}
{"endpoint":"/api/v1/auth/me","environment":"production","ip":"::ffff:172.25.0.1","level":"warn","message":"404 Not Found","method":"GET","service":"kuafor-backend","timestamp":"2025-07-02 18:55:19","url":"/api/v1/auth/me"}
{"duration":"2ms","environment":"production","level":"warn","message":"API Response","method":"GET","service":"kuafor-backend","statusCode":404,"timestamp":"2025-07-02 18:55:19","type":"api_response","url":"/api/v1/auth/me","userId":"0f6f2486-83f3-4042-98d1-9f7ef7a9831c","userType":"admin"}
{"endpoint":"/api/v1/auth/check","environment":"production","ip":"::ffff:172.25.0.1","level":"warn","message":"404 Not Found","method":"GET","service":"kuafor-backend","timestamp":"2025-07-02 18:55:19","url":"/api/v1/auth/check"}
{"duration":"1ms","environment":"production","level":"warn","message":"API Response","method":"GET","service":"kuafor-backend","statusCode":404,"timestamp":"2025-07-02 18:55:19","type":"api_response","url":"/api/v1/auth/check","userId":"0f6f2486-83f3-4042-98d1-9f7ef7a9831c","userType":"admin"}
{"endpoint":"/api/v1/admin/super/create","environment":"production","ip":"::ffff:172.25.0.1","level":"warn","message":"404 Not Found","method":"POST","service":"kuafor-backend","timestamp":"2025-07-02 18:55:19","url":"/api/v1/admin/super/create"}
{"duration":"2ms","environment":"production","level":"warn","message":"API Response","method":"POST","service":"kuafor-backend","statusCode":404,"timestamp":"2025-07-02 18:55:19","type":"api_response","url":"/api/v1/admin/super/create","userId":"0f6f2486-83f3-4042-98d1-9f7ef7a9831c","userType":"admin"}
{"endpoint":"/api/v1/appointments/calendar?start=1968-09-28&end=1968-09-28&staffId=-29089500","environment":"production","ip":"::ffff:172.25.0.1","level":"warn","message":"404 Not Found","method":"GET","service":"kuafor-backend","timestamp":"2025-07-02 18:55:19","url":"/api/v1/appointments/calendar?start=1968-09-28&end=1968-09-28&staffId=-29089500"}
{"duration":"1ms","environment":"production","level":"warn","message":"API Response","method":"GET","service":"kuafor-backend","statusCode":404,"timestamp":"2025-07-02 18:55:19","type":"api_response","url":"/api/v1/appointments/calendar?start=1968-09-28&end=1968-09-28&staffId=-29089500","userId":"0f6f2486-83f3-4042-98d1-9f7ef7a9831c","userType":"admin"}
{"endpoint":"/api/v1/appointments/-29089500/status","environment":"production","ip":"::ffff:172.25.0.1","level":"warn","message":"404 Not Found","method":"PUT","service":"kuafor-backend","timestamp":"2025-07-02 18:55:19","url":"/api/v1/appointments/-29089500/status"}
{"duration":"1ms","environment":"production","level":"warn","message":"API Response","method":"PUT","service":"kuafor-backend","statusCode":404,"timestamp":"2025-07-02 18:55:19","type":"api_response","url":"/api/v1/appointments/-29089500/status","userId":"0f6f2486-83f3-4042-98d1-9f7ef7a9831c","userType":"admin"}
{"endpoint":"/api/v1/appointments/-29089500","environment":"production","ip":"::ffff:172.25.0.1","level":"warn","message":"404 Not Found","method":"GET","service":"kuafor-backend","timestamp":"2025-07-02 18:55:19","url":"/api/v1/appointments/-29089500"}
{"duration":"1ms","environment":"production","level":"warn","message":"API Response","method":"GET","service":"kuafor-backend","statusCode":404,"timestamp":"2025-07-02 18:55:19","type":"api_response","url":"/api/v1/appointments/-29089500","userId":"0f6f2486-83f3-4042-98d1-9f7ef7a9831c","userType":"admin"}
{"endpoint":"/api/v1/appointments?page=1&limit=10&startDate=1968-09-28&endDate=1968-09-28&staffId=-29089500&customerId=-29089500&serviceId=-29089500&status=cancelled","environment":"production","ip":"::ffff:172.25.0.1","level":"warn","message":"404 Not Found","method":"GET","service":"kuafor-backend","timestamp":"2025-07-02 18:55:19","url":"/api/v1/appointments?page=1&limit=10&startDate=1968-09-28&endDate=1968-09-28&staffId=-29089500&customerId=-29089500&serviceId=-29089500&status=cancelled"}
{"duration":"1ms","environment":"production","level":"warn","message":"API Response","method":"GET","service":"kuafor-backend","statusCode":404,"timestamp":"2025-07-02 18:55:19","type":"api_response","url":"/api/v1/appointments?page=1&limit=10&startDate=1968-09-28&endDate=1968-09-28&staffId=-29089500&customerId=-29089500&serviceId=-29089500&status=cancelled","userId":"0f6f2486-83f3-4042-98d1-9f7ef7a9831c","userType":"admin"}
{"endpoint":"/api/v1/appointments","environment":"production","ip":"::ffff:172.25.0.1","level":"warn","message":"404 Not Found","method":"POST","service":"kuafor-backend","timestamp":"2025-07-02 18:55:19","url":"/api/v1/appointments"}
{"duration":"1ms","environment":"production","level":"warn","message":"API Response","method":"POST","service":"kuafor-backend","statusCode":404,"timestamp":"2025-07-02 18:55:19","type":"api_response","url":"/api/v1/appointments","userId":"0f6f2486-83f3-4042-98d1-9f7ef7a9831c","userType":"admin"}
{"duration":"3ms","environment":"production","level":"warn","message":"API Response","method":"GET","service":"kuafor-backend","statusCode":400,"timestamp":"2025-07-02 18:59:49","type":"api_response","url":"/services/messages","userId":"0f6f2486-83f3-4042-98d1-9f7ef7a9831c","userType":"admin"}
{"duration":"22ms","environment":"production","level":"warn","message":"API Response","method":"GET","service":"kuafor-backend","statusCode":500,"timestamp":"2025-07-02 19:00:09","type":"api_response","url":"/services/","userId":"0f6f2486-83f3-4042-98d1-9f7ef7a9831c","userType":"admin"}
{"database":{"host":"db","name":"kuafor_db","port":5432},"environment":"production","event":"Application Started","level":"info","message":"System Event","nodeVersion":"v18.20.8","port":8000,"service":"kuafor-backend","timestamp":"2025-07-02 19:03:20","type":"system"}
{"database":"kuafor_db","environment":"production","host":"db","level":"info","message":"Database connection established successfully","service":"kuafor-backend","timestamp":"2025-07-02 19:03:20"}
{"environment":"production","forceSync":true,"level":"info","message":"Initializing database tables","service":"kuafor-backend","timestamp":"2025-07-02 19:03:20"}
{"environment":"production","level":"info","message":"Database tables initialized successfully","service":"kuafor-backend","timestamp":"2025-07-02 19:03:21"}
{"environment":"production","level":"info","message":"Server is running on port 8000","service":"kuafor-backend","timestamp":"2025-07-02 19:03:21"}
{"auth":"/api/v1/auth","database":"/health/database","environment":"production","health":"/health","level":"info","liveness":"/health/liveness","message":"Available endpoints:","readiness":"/health/readiness","server":"/health/server","service":"kuafor-backend","timestamp":"2025-07-02 19:03:21"}
{"duration":"29ms","environment":"production","level":"info","message":"API Response","method":"POST","service":"kuafor-backend","statusCode":201,"timestamp":"2025-07-02 19:03:25","type":"api_response","url":"/admin/super/create"}
{"duration":"5ms","environment":"production","level":"info","message":"API Response","method":"POST","service":"kuafor-backend","statusCode":200,"timestamp":"2025-07-02 19:03:28","type":"api_response","url":"/auth/admin/login","userId":"40ec45dc-0dc6-4870-8782-db3d54202fe2","userType":"admin"}
{"duration":"1ms","environment":"production","level":"info","message":"API Response","method":"GET","service":"kuafor-backend","statusCode":200,"timestamp":"2025-07-02 19:03:30","type":"api_response","url":"/auth/profile","userId":"40ec45dc-0dc6-4870-8782-db3d54202fe2","userType":"admin"}
{"duration":"17ms","environment":"production","level":"warn","message":"API Response","method":"GET","service":"kuafor-backend","statusCode":500,"timestamp":"2025-07-02 19:03:37","type":"api_response","url":"/services/","userId":"40ec45dc-0dc6-4870-8782-db3d54202fe2","userType":"admin"}
{"database":{"host":"db","name":"kuafor_db","port":5432},"environment":"production","event":"Application Started","level":"info","message":"System Event","nodeVersion":"v18.20.8","port":8000,"service":"kuafor-backend","timestamp":"2025-07-02 19:04:52","type":"system"}
{"database":"kuafor_db","environment":"production","host":"db","level":"info","message":"Database connection established successfully","service":"kuafor-backend","timestamp":"2025-07-02 19:04:52"}
{"environment":"production","forceSync":true,"level":"info","message":"Initializing database tables","service":"kuafor-backend","timestamp":"2025-07-02 19:04:52"}
{"environment":"production","level":"info","message":"Database tables initialized successfully","service":"kuafor-backend","timestamp":"2025-07-02 19:04:53"}
{"environment":"production","level":"info","message":"Server is running on port 8000","service":"kuafor-backend","timestamp":"2025-07-02 19:04:53"}
{"auth":"/api/v1/auth","database":"/health/database","environment":"production","health":"/health","level":"info","liveness":"/health/liveness","message":"Available endpoints:","readiness":"/health/readiness","server":"/health/server","service":"kuafor-backend","timestamp":"2025-07-02 19:04:53"}
{"duration":"15ms","environment":"production","level":"info","message":"API Response","method":"GET","service":"kuafor-backend","statusCode":200,"timestamp":"2025-07-02 19:04:59","type":"api_response","url":"/services/"}
{"database":{"host":"db","name":"kuafor_db","port":5432},"environment":"production","event":"Application Started","level":"info","message":"System Event","nodeVersion":"v18.20.8","port":8000,"service":"kuafor-backend","timestamp":"2025-07-02 19:13:14","type":"system"}
{"database":"kuafor_db","environment":"production","host":"db","level":"info","message":"Database connection established successfully","service":"kuafor-backend","timestamp":"2025-07-02 19:13:14"}
{"environment":"production","forceSync":true,"level":"info","message":"Initializing database tables","service":"kuafor-backend","timestamp":"2025-07-02 19:13:14"}
{"environment":"production","level":"info","message":"Database tables initialized successfully","service":"kuafor-backend","timestamp":"2025-07-02 19:13:14"}
{"environment":"production","level":"info","message":"Server is running on port 8000","service":"kuafor-backend","timestamp":"2025-07-02 19:13:14"}
{"auth":"/api/v1/auth","database":"/health/database","environment":"production","health":"/health","level":"info","liveness":"/health/liveness","message":"Available endpoints:","readiness":"/health/readiness","server":"/health/server","service":"kuafor-backend","timestamp":"2025-07-02 19:13:14"}
{"duration":"40ms","environment":"production","level":"info","message":"API Response","method":"POST","service":"kuafor-backend","statusCode":201,"timestamp":"2025-07-02 19:14:00","type":"api_response","url":"/admin/super/create"}
{"duration":"5ms","environment":"production","level":"info","message":"API Response","method":"POST","service":"kuafor-backend","statusCode":200,"timestamp":"2025-07-02 19:14:02","type":"api_response","url":"/auth/admin/login","userId":"70e81229-aff9-412b-b58d-695b2c336b1c","userType":"admin"}
{"duration":"1ms","environment":"production","level":"info","message":"API Response","method":"GET","service":"kuafor-backend","statusCode":200,"timestamp":"2025-07-02 19:14:05","type":"api_response","url":"/auth/profile","userId":"70e81229-aff9-412b-b58d-695b2c336b1c","userType":"admin"}
{"duration":"19ms","environment":"production","level":"info","message":"API Response","method":"GET","service":"kuafor-backend","statusCode":200,"timestamp":"2025-07-02 19:14:09","type":"api_response","url":"/services/","userId":"70e81229-aff9-412b-b58d-695b2c336b1c","userType":"admin"}
{"duration":"12ms","environment":"production","level":"warn","message":"API Response","method":"GET","service":"kuafor-backend","statusCode":500,"timestamp":"2025-07-02 19:14:13","type":"api_response","url":"/services/4","userId":"70e81229-aff9-412b-b58d-695b2c336b1c","userType":"admin"}
{"database":{"host":"db","name":"kuafor_db","port":5432},"environment":"development","event":"Application Started","level":"info","message":"System Event","nodeVersion":"v18.20.8","port":8000,"service":"kuafor-backend","timestamp":"2025-07-02 19:54:06","type":"system"}
{"database":"kuafor_db","environment":"development","host":"db","level":"info","message":"Database connection established successfully","service":"kuafor-backend","timestamp":"2025-07-02 19:54:06"}
{"environment":"development","forceSync":true,"level":"info","message":"Initializing database tables","service":"kuafor-backend","timestamp":"2025-07-02 19:54:06"}
{"environment":"development","level":"info","message":"Database tables initialized successfully","service":"kuafor-backend","timestamp":"2025-07-02 19:54:07"}
{"environment":"development","level":"info","message":"Server is running on port 8000","service":"kuafor-backend","timestamp":"2025-07-02 19:54:07"}
{"auth":"/api/v1/auth","database":"/health/database","environment":"development","health":"/health","level":"info","liveness":"/health/liveness","message":"Available endpoints:","readiness":"/health/readiness","server":"/health/server","service":"kuafor-backend","timestamp":"2025-07-02 19:54:07"}
