{"environment":"production","error":"foreign key constraint \"appointments_customerId_fkey\" cannot be implemented","level":"error","message":"Database initialization failed","service":"kuafor-backend","timestamp":"2025-07-02 17:57:48"}
{"environment":"production","error":"foreign key constraint \"appointments_customerId_fkey\" cannot be implemented","level":"error","message":"Database initialization failed","service":"kuafor-backend","timestamp":"2025-07-02 17:57:49"}
{"environment":"production","error":"foreign key constraint \"appointments_customerId_fkey\" cannot be implemented","level":"error","message":"Database initialization failed","service":"kuafor-backend","timestamp":"2025-07-02 17:57:51"}
{"environment":"production","error":"foreign key constraint \"appointments_customerId_fkey\" cannot be implemented","level":"error","message":"Database initialization failed","service":"kuafor-backend","timestamp":"2025-07-02 17:57:52"}
{"environment":"production","error":"foreign key constraint \"appointments_customerId_fkey\" cannot be implemented","level":"error","message":"Database initialization failed","service":"kuafor-backend","timestamp":"2025-07-02 17:57:55"}
{"environment":"production","error":"foreign key constraint \"appointment_history_createdByAdmin_fkey\" cannot be implemented","level":"error","message":"Database initialization failed","service":"kuafor-backend","timestamp":"2025-07-02 18:04:50"}
{"environment":"production","error":"foreign key constraint \"appointment_history_createdByAdmin_fkey\" cannot be implemented","level":"error","message":"Database initialization failed","service":"kuafor-backend","timestamp":"2025-07-02 18:04:51"}
{"environment":"production","error":"foreign key constraint \"appointment_history_createdByAdmin_fkey\" cannot be implemented","level":"error","message":"Database initialization failed","service":"kuafor-backend","timestamp":"2025-07-02 18:04:53"}
{"environment":"production","error":"foreign key constraint \"appointment_history_createdByAdmin_fkey\" cannot be implemented","level":"error","message":"Database initialization failed","service":"kuafor-backend","timestamp":"2025-07-02 18:04:55"}
{"environment":"production","error":"foreign key constraint \"appointment_history_createdByAdmin_fkey\" cannot be implemented","level":"error","message":"Database initialization failed","service":"kuafor-backend","timestamp":"2025-07-02 18:04:57"}
{"environment":"production","error":"foreign key constraint \"appointment_history_createdByAdmin_fkey\" cannot be implemented","level":"error","message":"Database initialization failed","service":"kuafor-backend","timestamp":"2025-07-02 18:05:00"}
{"environment":"production","error":"foreign key constraint \"appointment_history_createdByAdmin_fkey\" cannot be implemented","level":"error","message":"Database initialization failed","service":"kuafor-backend","timestamp":"2025-07-02 18:05:04"}
{"environment":"production","error":"foreign key constraint \"appointment_history_createdByAdmin_fkey\" cannot be implemented","level":"error","message":"Database initialization failed","service":"kuafor-backend","timestamp":"2025-07-02 18:05:12"}
{"environment":"production","error":"foreign key constraint \"appointment_history_createdByAdmin_fkey\" cannot be implemented","level":"error","message":"Database initialization failed","service":"kuafor-backend","timestamp":"2025-07-02 18:05:26"}
{"environment":"production","error":{"message":"Cannot read properties of undefined (reading 'findOne')","name":"TypeError","stack":"TypeError: Cannot read properties of undefined (reading 'findOne')\n    at adminLogin (/app/dist/controllers/authController.js:18:38)\n    at Layer.handleRequest (/app/node_modules/router/lib/layer.js:152:17)\n    at next (/app/node_modules/router/lib/route.js:157:13)\n    at Route.dispatch (/app/node_modules/router/lib/route.js:117:3)\n    at handle (/app/node_modules/router/index.js:435:11)\n    at Layer.handleRequest (/app/node_modules/router/lib/layer.js:152:17)\n    at /app/node_modules/router/index.js:295:15\n    at processParams (/app/node_modules/router/index.js:582:12)\n    at next (/app/node_modules/router/index.js:291:5)\n    at Function.handle (/app/node_modules/router/index.js:186:3)"},"ip":"::ffff:172.25.0.1","level":"error","message":"Unexpected Error","method":"POST","service":"kuafor-backend","timestamp":"2025-07-02 18:19:33","url":"/auth/admin/login"}
{"environment":"production","error":{"message":"Beklenmeyen bir hata oluştu","statusCode":500,"type":"INTERNAL_SERVER_ERROR"},"ip":"::ffff:172.25.0.1","level":"error","message":"API Error Response","method":"POST","service":"kuafor-backend","timestamp":"2025-07-02 18:19:33","url":"/auth/admin/login"}
{"environment":"production","error":{"message":"column Admin.isActive does not exist","name":"SequelizeDatabaseError","parameters":{},"sql":"SELECT \"id\", \"email\", \"password\", \"firstName\", \"lastName\", \"phone\", \"role\", \"status\", \"createdAt\", \"updatedAt\", \"deletedAt\" FROM \"admins\" AS \"Admin\" WHERE (\"Admin\".\"deletedAt\" IS NULL AND (\"Admin\".\"email\" = 'erencelik212@gmail.com' AND \"Admin\".\"isActive\" = true));"},"ip":"::ffff:172.25.0.1","level":"error","message":"Database Error","method":"POST","service":"kuafor-backend","stack":"Error\n    at Query.run (/app/node_modules/sequelize/lib/dialects/postgres/query.js:50:25)\n    at /app/node_modules/sequelize/lib/sequelize.js:315:28\n    at process.processTicksAndRejections (node:internal/process/task_queues:95:5)\n    at async PostgresQueryInterface.select (/app/node_modules/sequelize/lib/dialects/abstract/query-interface.js:407:12)\n    at async Admin.findAll (/app/node_modules/sequelize/lib/model.js:1140:21)\n    at async Admin.findOne (/app/node_modules/sequelize/lib/model.js:1240:12)\n    at async adminLogin (/app/dist/controllers/authController.js:19:23)","timestamp":"2025-07-02 18:27:15","url":"/auth/admin/login"}
{"environment":"production","error":{"message":"Veritabanı hatası","statusCode":500,"type":"DATABASE_ERROR"},"ip":"::ffff:172.25.0.1","level":"error","message":"API Error Response","method":"POST","service":"kuafor-backend","timestamp":"2025-07-02 18:27:15","url":"/auth/admin/login"}
{"environment":"production","error":"invalid input syntax for type boolean: \"pending\"","level":"error","message":"Database initialization failed","service":"kuafor-backend","timestamp":"2025-07-02 18:28:58"}
{"environment":"production","error":"invalid input syntax for type boolean: \"pending\"","level":"error","message":"Database initialization failed","service":"kuafor-backend","timestamp":"2025-07-02 18:29:00"}
{"environment":"production","error":"invalid input syntax for type boolean: \"pending\"","level":"error","message":"Database initialization failed","service":"kuafor-backend","timestamp":"2025-07-02 18:29:01"}
{"environment":"production","error":"invalid input syntax for type boolean: \"pending\"","level":"error","message":"Database initialization failed","service":"kuafor-backend","timestamp":"2025-07-02 18:29:02"}
{"environment":"production","error":"invalid input syntax for type boolean: \"pending\"","level":"error","message":"Database initialization failed","service":"kuafor-backend","timestamp":"2025-07-02 18:39:44"}
{"environment":"production","error":"invalid input syntax for type boolean: \"pending\"","level":"error","message":"Database initialization failed","service":"kuafor-backend","timestamp":"2025-07-02 18:39:45"}
{"environment":"production","error":"invalid input syntax for type boolean: \"pending\"","level":"error","message":"Database initialization failed","service":"kuafor-backend","timestamp":"2025-07-02 18:39:46"}
{"environment":"production","error":"invalid input syntax for type boolean: \"pending\"","level":"error","message":"Database initialization failed","service":"kuafor-backend","timestamp":"2025-07-02 18:39:48"}
{"environment":"production","error":"invalid input syntax for type boolean: \"pending\"","level":"error","message":"Database initialization failed","service":"kuafor-backend","timestamp":"2025-07-02 18:39:49"}
{"environment":"production","error":"invalid input syntax for type boolean: \"pending\"","level":"error","message":"Database initialization failed","service":"kuafor-backend","timestamp":"2025-07-02 18:39:52"}
{"environment":"production","error":"invalid input syntax for type boolean: \"pending\"","level":"error","message":"Database initialization failed","service":"kuafor-backend","timestamp":"2025-07-02 18:39:56"}
{"environment":"production","error":"invalid input syntax for type boolean: \"pending\"","level":"error","message":"Database initialization failed","service":"kuafor-backend","timestamp":"2025-07-02 18:40:04"}
{"environment":"production","error":"invalid input syntax for type boolean: \"pending\"","level":"error","message":"Database initialization failed","service":"kuafor-backend","timestamp":"2025-07-02 18:40:18"}
{"environment":"production","error":{"message":"İletişim mesajları getirilirken hata oluştu","statusCode":500,"type":"INTERNAL_SERVER_ERROR"},"ip":"::ffff:172.25.0.1","level":"error","message":"API Error Response","method":"GET","service":"kuafor-backend","timestamp":"2025-07-02 18:46:33","url":"/contact/messages"}
{"environment":"production","error":{"message":"İletişim mesajları getirilirken hata oluştu","statusCode":500,"type":"INTERNAL_SERVER_ERROR"},"ip":"::ffff:172.25.0.1","level":"error","message":"API Error Response","method":"GET","service":"kuafor-backend","timestamp":"2025-07-02 18:55:02","url":"/contact/messages"}
